==================================================================
= Multi Theft Auto: San Andreas v1.6 [64 bit]
==================================================================
= Server name      : Default MTA Server
= Server IP address: auto
= Server port      : 22003
= 
= Log file         : ..src/uploads/mods/deathmatch/logs/server.log
= Maximum players  : 32
= HTTP port        : 22005
= Voice Chat       : Disabled
= Bandwidth saving : Medium
==================================================================
[26-01-13 21:27:29] File 'settings.xml' not present, creating new node.
[26-01-13 21:27:31] Resource 'ip2c' requests some acl rights. Use the command 'aclrequest list ip2c'
[26-01-13 21:27:33] Resource 'runcode' requests some acl rights. Use the command 'aclrequest list runcode'
[26-01-13 21:27:33] Resources: 205 loaded, 0 failed
[26-01-13 21:27:33] Starting resources...
[26-01-13 21:27:34] Admin access list successfully updated 
[26-01-13 21:27:34] INFO: Admin added 610 missing rights
[26-01-13 21:27:34] Server minclientversion is now 1.5.9-9.20957.0
[26-01-13 21:27:34] startResource: Resource 'ip2c' started
[26-01-13 21:27:35] Server minclientversion is now 1.6.0-9.22676
[26-01-13 21:27:35] Server minclientversion is now 1.6.0-9.22815
[26-01-13 21:27:36] Gamemode 'play' started.
[26-01-13 21:27:36] Querying MTA master server... success! (Auto detected IP:74.220.49.253)
[26-01-13 21:27:36] Authorized serial account protection is enabled for the ACL group(s): `Admin`  See http://multitheftauto.com/authserial
[26-01-13 21:27:36] WARNING: <owner_email_address> not set
[26-01-13 21:27:36] Server started and is ready to accept connections!
[26-01-13 21:27:36] To stop the server, type 'shutdown' or press Ctrl-C
[26-01-13 21:27:36] Type 'help' for a list of commands.
[26-01-13 21:27:36] INFO: IpToCountry file not found, successfully copied from backup
[26-01-13 21:27:36] WARNING: [admin]/ip2c/server.lua:230: Access denied @ 'fetchRemote'
